<?xml version="1.0" encoding="UTF-8"?>
<testng-results ignored="0" total="2" passed="2" failed="0" skipped="0">
  <reporter-output>
  </reporter-output>
  <suite started-at="2024-11-29T19:56:41 WIB" name="Selenium Test Suite" finished-at="2024-11-29T19:58:15 WIB" duration-ms="93313">
    <groups>
    </groups>
    <test started-at="2024-11-29T19:56:41 WIB" name="Periplus Tests" finished-at="2024-11-29T19:58:15 WIB" duration-ms="93313">
      <class name="AppTest">
        <test-method is-config="true" signature="setUp()[pri:0, instance:AppTest@56a6d5a6]" started-at="2024-11-29T19:56:41 WIB" name="setUp" finished-at="2024-11-29T19:56:43 WIB" duration-ms="1008" status="PASS">
          <reporter-output>
          </reporter-output>
        </test-method> <!-- setUp -->
        <test-method signature="testLogin()[pri:0, instance:AppTest@56a6d5a6]" started-at="2024-11-29T19:56:43 WIB" name="testLogin" finished-at="2024-11-29T19:57:24 WIB" duration-ms="41133" status="PASS">
          <reporter-output>
          </reporter-output>
        </test-method> <!-- testLogin -->
        <test-method signature="testAddToCart()[pri:0, instance:AppTest@56a6d5a6]" started-at="2024-11-29T19:57:24 WIB" name="testAddToCart" finished-at="2024-11-29T19:58:05 WIB" depends-on-methods="AppTest.testLogin" duration-ms="40999" status="PASS">
          <reporter-output>
          </reporter-output>
        </test-method> <!-- testAddToCart -->
        <test-method is-config="true" signature="tearDown()[pri:0, instance:AppTest@56a6d5a6]" started-at="2024-11-29T19:58:05 WIB" name="tearDown" finished-at="2024-11-29T19:58:15 WIB" duration-ms="10146" status="PASS">
          <reporter-output>
          </reporter-output>
        </test-method> <!-- tearDown -->
      </class> <!-- AppTest -->
    </test> <!-- Periplus Tests -->
  </suite> <!-- Selenium Test Suite -->
</testng-results>
